

<!DOCTYPE html>
<html>
<head>
	<meta charset='utf-8' /> 
	<meta name='description' content='' />
	<meta name='robots' content='noodp, noydir' />
	<meta name='viewport' content='width=device-width, initial-scale=1' />
	<meta id="timeStampFormat" name="timeStampFormat" content='MMM d, yyyy hh:mm:ss a'/>
	
	<link href='https://fonts.googleapis.com/css?family=Source+Sans+Pro:400,600' rel='stylesheet' type='text/css' />
	<link href="https://fonts.googleapis.com/icon?family=Material+Icons" rel="stylesheet" />
	<link href='https://cdn.rawgit.com/extent-framework/extent-github-cdn/b65cd69/v3html/css/extent.css' type='text/css' rel='stylesheet' />
	
	<title>ExtentReports</title>

	<style type='text/css'>
		/* json-tree */
		.jstBracket,.jstComma,.jstValue{white-space:pre-wrap}.jstValue{font-size:10px;font-weight:400;font-family:"Lucida Console",Monaco,monospace}.jstProperty{color:#666;word-wrap:break-word}.jstBool{color:#2525CC}.jstNum{color:#D036D0}.jstNull{color:gray}.jstStr{color:#2DB669}.jstFold:after{content:' -';cursor:pointer}.jstExpand{white-space:normal}.jstExpand:after{content:' +';cursor:pointer}.jstFolded{white-space:normal!important}.jstHiddenBlock{display:none}
	</style>
	
	<script type="text/javascript">
		/*! json-tree - v0.2.2 - 2017-09-25, MIT LICENSE */
		var JSONTree=function(){var n={"&":"&amp;","<":"&lt;",">":"&gt;",'"':"&quot;","'":"&#x27;","/":"&#x2F;"},t=0,r=0;this.create=function(n,t){return r+=1,N(u(n,0,!1),{class:"jstValue"})};var e=function(t){return t.replace(/[&<>'"]/g,function(t){return n[t]})},s=function(){return r+"_"+t++},u=function(n,t,r){if(null===n)return f(r?t:0);switch(typeof n){case"boolean":return l(n,r?t:0);case"number":return i(n,r?t:0);case"string":return o(n,r?t:0);default:return n instanceof Array?a(n,t,r):c(n,t,r)}},c=function(n,t,r){var e=s(),u=Object.keys(n).map(function(r){return j(r,n[r],t+1,!0)}).join(m()),c=[g("{",r?t:0,e),N(u,{id:e}),p("}",t)].join("\n");return N(c,{})},a=function(n,t,r){var e=s(),c=n.map(function(n){return u(n,t+1,!0)}).join(m());return[g("[",r?t:0,e),N(c,{id:e}),p("]",t)].join("\n")},o=function(n,t){var r=e(JSON.stringify(n));return N(v(r,t),{class:"jstStr"})},i=function(n,t){return N(v(n,t),{class:"jstNum"})},l=function(n,t){return N(v(n,t),{class:"jstBool"})},f=function(n){return N(v("null",n),{class:"jstNull"})},j=function(n,t,r){var s=v(e(JSON.stringify(n))+": ",r),c=N(u(t,r,!1),{});return N(s+c,{class:"jstProperty"})},m=function(){return N(",\n",{class:"jstComma"})},N=function(n,t){return d("span",t,n)},d=function(n,t,r){return"<"+n+Object.keys(t).map(function(n){return" "+n+'="'+t[n]+'"'}).join("")+">"+r+"</"+n+">"},g=function(n,t,r){return N(v(n,t),{class:"jstBracket"})+N("",{class:"jstFold",onclick:"JSONTree.toggle('"+r+"')"})};this.toggle=function(n){var t=document.getElementById(n),r=t.parentNode,e=t.previousElementSibling;""===t.className?(t.className="jstHiddenBlock",r.className="jstFolded",e.className="jstExpand"):(t.className="",r.className="",e.className="jstFold")};var p=function(n,t){return N(v(n,t),{})},v=function(n,t){return Array(2*t+1).join(" ")+n};return this}();
	</script>
</head>
	<body class='extent standard default hide-overflow bdd-report'>
		<div id='theme-selector' alt='Click to toggle theme. To enable by default, use theme configuration.' title='Click to toggle theme. To enable by default, use theme configuration.'>
			<span><i class='material-icons'>desktop_windows</i></span>
		</div>
<nav>
	<div class="nav-wrapper">
		<a href="#!" class="brand-logo black"><img src="https://cdn.rawgit.com/extent-framework/extent-github-cdn/d74480e/commons/img/logo.png"></a>
		<!-- slideout menu -->
		<ul id='slide-out' class='side-nav fixed hide-on-med-and-down'>
			<li class='waves-effect active'><a href='#!' view='test-view' onclick="configureView(0);chartsView('test');"><i class='material-icons'>dashboard</i></a></li>
						<li class='waves-effect'><a href='#!' view='category-view' onclick="configureView(1)"><i class='material-icons'>label_outline</i></a></li>
			<li class='waves-effect'><a href='#!' view='exception-view' onclick="configureView(2)"><i class='material-icons'>bug_report</i></a></li>
			<li class='waves-effect'><a href='#!' onclick="configureView(-1);chartsView('dashboard');" view='dashboard-view'><i class='material-icons'>track_changes</i></a></li>
		</ul>
		<!-- report name -->
		<span class='report-name'>ExtentReports</span>
		<!-- report headline -->
		<span class='report-headline'></span>
		<!-- nav-right -->
		<ul id='nav-mobile' class='right hide-on-med-and-down nav-right'>
			<a href='#!'>
			<span class='label blue darken-3 suite-start-time'>Dec 31, 2021 05:32:21 AM</span>
			</a>
		</ul>
	</div>
</nav>		<!-- container -->
		<div class='container'>
<div id='test-view' class='view'>
	<section id='controls'>
		<div class='controls grey lighten-4'>
			<!-- test toggle -->
			<div class='chip transparent'>
				<a class='dropdown-button tests-toggle' data-activates='tests-toggle' data-constrainwidth='true' data-beloworigin='true' data-hover='true' href='#'>
				<i class='material-icons'>warning</i> Status
				</a>
				<ul id='tests-toggle' class='dropdown-content'>
										<li status='pass'><a href='#!'>Pass <i class='material-icons green-text'>check_circle</i></a></li>
					<li status='fail'><a href='#!'>Fail <i class='material-icons red-text'>cancel</i></a></li>
					<li status='skip'><a href='#!'>Skip <i class='material-icons cyan-text'>redo</i></a></li>
					<li class='divider'></li>
					<li status='clear' clear='true'><a href='#!'>Clear Filters <i class='material-icons'>clear</i></a></li>
				</ul>
			</div>
			<!-- test toggle -->
			<!-- category toggle -->
			<div class='chip transparent'>
				<a class='dropdown-button category-toggle' data-activates='category-toggle' data-constrainwidth='false' data-beloworigin='true' data-hover='true' href='#'>
				<i class='material-icons'>local_offer</i> Category
				</a>
				<ul id='category-toggle' class='dropdown-content'>
					<li><a href='#'>@All</a></li>
					<li><a href='#'>@TS01</a></li>
					<li><a href='#'>@TS02</a></li>
					<li class='divider'></li>
					<li class='clear'><a href='#!' clear='true'>Clear Filters</a></li>
				</ul>
			</div>
			<!-- category toggle -->
			<!-- clear filters -->
			<div class='chip transparent hide'>
				<a class='' id='clear-filters' alt='Clear Filters' title='Clear Filters'>
				<i class='material-icons'>close</i> Clear
				</a>
			</div>
			<!-- clear filters -->
			<!-- enable dashboard -->
			<div id='toggle-test-view-charts' class='chip transparent'>
				<a class='pink-text' id='enable-dashboard' alt='Enable Dashboard' title='Enable Dashboard'>
				<i class='material-icons'>track_changes</i> Dashboard
				</a>
			</div>
			<!-- enable dashboard -->
			<!-- search -->
			<div class='chip transparent' alt='Search Tests' title='Search Tests'>
				<a href="#" class='search-div'>
				<i class='material-icons'>search</i> Search
				</a>
				<div class='input-field left hide'>
					<input id='search-tests' type='text' class='validate browser-default' placeholder='Search Tests...'>
				</div>
			</div>
			<!-- search -->
		</div>
	</section>
<div id='test-view-charts' class='subview-full'>
    <div id='charts-row' class='row nm-v nm-h'>
        <div class='col s12 m4 l4 np-h'>
            <div class='card-panel nm-v'>
                <div class='left panel-name'>Features</div>
                <div class='chart-box' style="max-height:94px;">
                    <canvas id='parent-analysis' width='90' height='70'></canvas>
                </div>
                <div class='block text-small'>
                    <span class='tooltipped' data-position='top' data-tooltip='0%'><span class='strong'>0</span> feature(s) passed</span>
                </div>
                <div class='block text-small'>
                    <span class='strong tooltipped' data-position='top' data-tooltip='100%'>1</span> feature(s) failed, <span class='strong tooltipped' data-position='top' data-tooltip='0%'>0</span> others
                </div>
            </div>
        </div>
        <div class='col s12 m4 l4 np-h'>
            <div class='card-panel nm-v'>
                <div class='left panel-name'>Scenarios</div>
                <div class='chart-box' style="max-height:94px;">
                    <canvas id='child-analysis' width='90' height='70'></canvas>
                </div>
                <div class='block text-small'>
                    <span class='tooltipped' data-position='top' data-tooltip='0%'><span class='strong'>0</span> scenario(s) passed</span>
                </div>
                <div class='block text-small'>
                    <span class='strong tooltipped' data-position='top' data-tooltip='100%'>2</span> scenario(s) failed, <span class='strong tooltipped' data-position='top' data-tooltip='0%'>0</span> others
                </div>
            </div>
        </div>
        <div class='col s12 m4 l4 np-h'>
            <div class='card-panel nm-v'>
                <div class='left panel-name'>Steps</div>
                <div class='chart-box' style="max-height:94px;">
                    <canvas id='grandchild-analysis' width='90' height='70'></canvas>
                </div>
                <div class='block text-small'>
                    <span class='tooltipped' data-position='top' data-tooltip='12.5%'><span class='strong'>3</span> step(s) passed</span>
                </div>
                <div class='block text-small'>
                    <span class='strong tooltipped' data-position='top' data-tooltip='8.333%'>2</span> step(s) failed, <span class='strong tooltipped' data-position='top' data-tooltip='79.167%'>19</span> others
                </div>
            </div>
        </div>
    </div>
    <div id="timeline-chart" class="row nm-v nm-h">
        <div class="col s12 m12 l12 np-h">
            <div class="card-panel">
                <div class='left panel-name'>Timeline (seconds)</div>
                <div class="chart-box" style="width:98%;max-height:145px;">
                    <canvas id="timeline" height="120"></canvas>
                </div>
            </div>
        </div>
    </div>
</div>	<div class='subview-left left'>
		<div class='view-summary'>
			<ul id='test-collection' class='test-collection'>
				<li class='test displayed active has-leaf fail' status='fail' bdd='true' test-id='1'>
					<div class='test-heading'>
						<span class='test-name'>approvalBusinessCampaign feature</span>
						<span class='test-time'>Dec 31, 2021 05:32:22 AM</span>
						<span class='test-status right fail'>fail</span>
					</div>
					<div class='test-content hide'>
<div class="sr-filters bdd-filters">
    <a class="btn-floating waves-effect waves-light pass green" title="pass"><i class='material-icons'>check_circle</i></a>
    <a class="btn-floating waves-effect waves-light fail red" title="fail"><i class='material-icons'>cancel</i></a>
    <a class="btn-floating waves-effect waves-light skip blue" title="skip"><i class='material-icons'>redo</i></a>
    <a class="btn-floating waves-effect waves-light clear grey" title="clear"><i class='material-icons'>clear</i></a>
</div>
<div class='scenario node' test-id='2' status='fail'>
    <div class='category-list'>
        <span class='category label'>@All</span>
        <span class='category label'>@TS01</span>
    </div>
    <span class='duration right label'>0h 0m 18s+616ms</span>
    <div class="bdd-test">
        <div class="scenario-name"><span class='status fail' title='fail'><i class='material-icons'>cancel</i></span> Scenario: Show approval marketing campaign and search account</div>
    </div>
    <ul class='steps'>
        <li test-id='3' class='node given pass' status='pass'>
            <div class="step-name" title="LoginTest.user_is_on_homepage()"><span class='status pass' title='pass'><i class='material-icons'>check_circle</i></span>Given user is on homepage</div>
                <div class="node-step"></div>
        </li>
        <li test-id='4' class='node when pass' status='pass'>
            <div class="step-name" title="LoginTest.user_navigates_to_Login_Page()"><span class='status pass' title='pass'><i class='material-icons'>check_circle</i></span>When user navigates to Login Page</div>
                <div class="node-step"></div>
        </li>
        <li test-id='5' class='node when pass' status='pass'>
            <div class="step-name" title="LoginTest.user_enters_username_and_Password()"><span class='status pass' title='pass'><i class='material-icons'>check_circle</i></span>When user enters username and Password</div>
                <div class="node-step"></div>
        </li>
        <li test-id='6' class='node when fail' status='fail'>
            <div class="step-name" title="approval.user_click_menu_approval()"><span class='status fail' title='fail'><i class='material-icons'>cancel</i></span>When user click menu approval</div>
                <textarea disabled class="code-block">org.openqa.selenium.NoSuchElementException: Cannot locate an element using xpath=//span[contains(text(),'Approval')]
For documentation on this error, please visit: https://www.seleniumhq.org/exceptions/no_such_element.html
Build info: version: '3.141.59', revision: 'e82be7d358', time: '2018-11-14T08:17:03'
System info: host: 'DESKTOP-0QRM3M5', ip: '192.168.0.106', os.name: 'Windows 10', os.arch: 'amd64', os.version: '10.0', java.version: '1.8.0_301'
Driver info: driver.version: RemoteWebDriver
	at org.openqa.selenium.remote.RemoteWebDriver.findElement(RemoteWebDriver.java:327)
	at org.openqa.selenium.remote.RemoteWebDriver.findElementByXPath(RemoteWebDriver.java:428)
	at org.openqa.selenium.By$ByXPath.findElement(By.java:353)
	at org.openqa.selenium.remote.RemoteWebDriver.findElement(RemoteWebDriver.java:315)
	at stepsDef.approval.user_click_menu_approval(approval.java:28)
	at ✽.user click menu approval(file:src/test/java/features/approvalBusinessCampaign.feature:9)
</textarea>
        </li>
        <li test-id='7' class='node when skip' status='skip'>
            <div class="step-name" title="approvalBusinessCampaign.user_click_business_campaign()"><span class='status skip' title='skip'><i class='material-icons'>redo</i></span>When user click business campaign</div>
                <div class="node-step">Step skipped</div>
        </li>
        <li test-id='8' class='node when skip' status='skip'>
            <div class="step-name" title="approval.user_active_deleted_approval()"><span class='status skip' title='skip'><i class='material-icons'>redo</i></span>When user show active approval</div>
                <div class="node-step">Step skipped</div>
        </li>
        <li test-id='9' class='node then skip' status='skip'>
            <div class="step-name" title="approvalBusinessCampaign.user_see_active_approval_business_campaign()"><span class='status skip' title='skip'><i class='material-icons'>redo</i></span>Then user see active approval business campaign</div>
                <div class="node-step">Step skipped</div>
        </li>
        <li test-id='10' class='node when skip' status='skip'>
            <div class="step-name" title="approval.user_inactive_deleted_approval()"><span class='status skip' title='skip'><i class='material-icons'>redo</i></span>When user show inactive approval</div>
                <div class="node-step">Step skipped</div>
        </li>
        <li test-id='11' class='node then skip' status='skip'>
            <div class="step-name" title="approvalBusinessCampaign.user_see_inactive_approval_business_campaign()"><span class='status skip' title='skip'><i class='material-icons'>redo</i></span>Then user see inactive approval business campaign</div>
                <div class="node-step">Step skipped</div>
        </li>
        <li test-id='12' class='node when skip' status='skip'>
            <div class="step-name" title="approval.user_show_deleted_approval()"><span class='status skip' title='skip'><i class='material-icons'>redo</i></span>When user show deleted approval</div>
                <div class="node-step">Step skipped</div>
        </li>
        <li test-id='13' class='node then skip' status='skip'>
            <div class="step-name" title="approvalBusinessCampaign.user_see_deleted_approval_business_campaign()"><span class='status skip' title='skip'><i class='material-icons'>redo</i></span>Then user see deleted approval business campaign</div>
                <div class="node-step">Step skipped</div>
        </li>
        <li test-id='14' class='node when skip' status='skip'>
            <div class="step-name" title="approval.user_show_all_approval()"><span class='status skip' title='skip'><i class='material-icons'>redo</i></span>When user show all approval</div>
                <div class="node-step">Step skipped</div>
        </li>
        <li test-id='15' class='node then skip' status='skip'>
            <div class="step-name" title="approvalBusinessCampaign.user_see_all_approval_business_campaign()"><span class='status skip' title='skip'><i class='material-icons'>redo</i></span>Then user see all approval business campaign</div>
                <div class="node-step">Step skipped</div>
        </li>
        <li test-id='16' class='node when skip' status='skip'>
            <div class="step-name" title="approvalBusinessCampaign.user_search_one_account_in_all_approval_business_campaign()"><span class='status skip' title='skip'><i class='material-icons'>redo</i></span>When user search one account in all approval business campaign</div>
                <div class="node-step">Step skipped</div>
        </li>
    </ul>
</div>
<div class='scenario node' test-id='17' status='fail'>
    <div class='category-list'>
        <span class='category label'>@All</span>
        <span class='category label'>@TS02</span>
    </div>
    <span class='duration right label'>0h 0m 5s+566ms</span>
    <div class="bdd-test">
        <div class="scenario-name"><span class='status fail' title='fail'><i class='material-icons'>cancel</i></span> Scenario: Decide pending approval business campaign</div>
    </div>
    <ul class='steps'>
        <li test-id='18' class='node given fail' status='fail'>
            <div class="step-name" title="LoginTest.user_is_on_homepage()"><span class='status fail' title='fail'><i class='material-icons'>cancel</i></span>Given user is on homepage</div>
                <textarea disabled class="code-block">org.openqa.selenium.SessionNotCreatedException: session not created
from disconnected: Unable to receive message from renderer
  (Session info: chrome=96.0.4664.110)
Build info: version: '3.141.59', revision: 'e82be7d358', time: '2018-11-14T08:17:03'
System info: host: 'DESKTOP-0QRM3M5', ip: '192.168.0.106', os.name: 'Windows 10', os.arch: 'amd64', os.version: '10.0', java.version: '1.8.0_301'
Driver info: driver.version: ChromeDriver
remote stacktrace: Backtrace:
	Ordinal0 [0x00EC6903+2517251]
	Ordinal0 [0x00E5F8E1+2095329]
	Ordinal0 [0x00D62848+1058888]
	Ordinal0 [0x00D54FBF+1003455]
	Ordinal0 [0x00D53F8D+999309]
	Ordinal0 [0x00D54246+1000006]
	Ordinal0 [0x00D53B35+998197]
	Ordinal0 [0x00D5A82D+1026093]
	Ordinal0 [0x00D53AF1+998129]
	Ordinal0 [0x00D549F6+1001974]
	Ordinal0 [0x00D53F8D+999309]
	Ordinal0 [0x00D54246+1000006]
	Ordinal0 [0x00D53B35+998197]
	Ordinal0 [0x00D59ABC+1022652]
	Ordinal0 [0x00D53AF1+998129]
	Ordinal0 [0x00D549F6+1001974]
	Ordinal0 [0x00D53F8D+999309]
	Ordinal0 [0x00D54246+1000006]
	Ordinal0 [0x00D53B35+998197]
	Ordinal0 [0x00D4F6ED+980717]
	Ordinal0 [0x00D53AF1+998129]
	Ordinal0 [0x00D53890+997520]
	Ordinal0 [0x00D53629+996905]
	Ordinal0 [0x00D63A60+1063520]
	Ordinal0 [0x00DABA7A+1358458]
	Ordinal0 [0x00DAA71A+1353498]
	Ordinal0 [0x00DA639B+1336219]
	Ordinal0 [0x00D827A7+1189799]
	Ordinal0 [0x00D83609+1193481]
	GetHandleVerifier [0x01055904+1577972]
	GetHandleVerifier [0x01100B97+2279047]
	GetHandleVerifier [0x00F56D09+534521]
	GetHandleVerifier [0x00F55DB9+530601]
	Ordinal0 [0x00E64FF9+2117625]
	Ordinal0 [0x00E698A8+2136232]
	Ordinal0 [0x00E699E2+2136546]
	Ordinal0 [0x00E73541+2176321]
	BaseThreadInitThunk [0x76A2FA29+25]
	RtlGetAppContainerNamedObjectPath [0x77297A9E+286]
	RtlGetAppContainerNamedObjectPath [0x77297A6E+238]

	at sun.reflect.NativeConstructorAccessorImpl.newInstance0(Native Method)
	at sun.reflect.NativeConstructorAccessorImpl.newInstance(NativeConstructorAccessorImpl.java:62)
	at sun.reflect.DelegatingConstructorAccessorImpl.newInstance(DelegatingConstructorAccessorImpl.java:45)
	at java.lang.reflect.Constructor.newInstance(Constructor.java:423)
	at org.openqa.selenium.remote.W3CHandshakeResponse.lambda$errorHandler$0(W3CHandshakeResponse.java:62)
	at org.openqa.selenium.remote.HandshakeResponse.lambda$getResponseFunction$0(HandshakeResponse.java:30)
	at org.openqa.selenium.remote.ProtocolHandshake.lambda$createSession$0(ProtocolHandshake.java:126)
	at java.util.stream.ReferencePipeline$3$1.accept(ReferencePipeline.java:193)
	at java.util.Spliterators$ArraySpliterator.tryAdvance(Spliterators.java:958)
	at java.util.stream.ReferencePipeline.forEachWithCancel(ReferencePipeline.java:126)
	at java.util.stream.AbstractPipeline.copyIntoWithCancel(AbstractPipeline.java:499)
	at java.util.stream.AbstractPipeline.copyInto(AbstractPipeline.java:486)
	at java.util.stream.AbstractPipeline.wrapAndCopyInto(AbstractPipeline.java:472)
	at java.util.stream.FindOps$FindOp.evaluateSequential(FindOps.java:152)
	at java.util.stream.AbstractPipeline.evaluate(AbstractPipeline.java:234)
	at java.util.stream.ReferencePipeline.findFirst(ReferencePipeline.java:464)
	at org.openqa.selenium.remote.ProtocolHandshake.createSession(ProtocolHandshake.java:128)
	at org.openqa.selenium.remote.ProtocolHandshake.createSession(ProtocolHandshake.java:74)
	at org.openqa.selenium.remote.HttpCommandExecutor.execute(HttpCommandExecutor.java:136)
	at org.openqa.selenium.remote.service.DriverCommandExecutor.execute(DriverCommandExecutor.java:83)
	at org.openqa.selenium.remote.RemoteWebDriver.execute(RemoteWebDriver.java:552)
	at org.openqa.selenium.remote.RemoteWebDriver.startSession(RemoteWebDriver.java:213)
	at org.openqa.selenium.remote.RemoteWebDriver.<init>(RemoteWebDriver.java:131)
	at org.openqa.selenium.chrome.ChromeDriver.<init>(ChromeDriver.java:181)
	at org.openqa.selenium.chrome.ChromeDriver.<init>(ChromeDriver.java:168)
	at org.openqa.selenium.chrome.ChromeDriver.<init>(ChromeDriver.java:157)
	at stepsDef.LoginTest.user_is_on_homepage(LoginTest.java:30)
	at ✽.user is on homepage(file:src/test/java/features/approvalBusinessCampaign.feature:23)
</textarea>
        </li>
        <li test-id='19' class='node when skip' status='skip'>
            <div class="step-name" title="LoginTest.user_navigates_to_Login_Page()"><span class='status skip' title='skip'><i class='material-icons'>redo</i></span>When user navigates to Login Page</div>
                <div class="node-step">Step skipped</div>
        </li>
        <li test-id='20' class='node when skip' status='skip'>
            <div class="step-name" title="LoginTest.user_enters_username_and_Password()"><span class='status skip' title='skip'><i class='material-icons'>redo</i></span>When user enters username and Password</div>
                <div class="node-step">Step skipped</div>
        </li>
        <li test-id='21' class='node when skip' status='skip'>
            <div class="step-name" title="approval.user_click_menu_approval()"><span class='status skip' title='skip'><i class='material-icons'>redo</i></span>When user click menu approval</div>
                <div class="node-step">Step skipped</div>
        </li>
        <li test-id='22' class='node when skip' status='skip'>
            <div class="step-name" title="approvalBusinessCampaign.user_click_business_campaign()"><span class='status skip' title='skip'><i class='material-icons'>redo</i></span>When user click business campaign</div>
                <div class="node-step">Step skipped</div>
        </li>
        <li test-id='23' class='node when skip' status='skip'>
            <div class="step-name" title="approval.user_show_pending_approval()"><span class='status skip' title='skip'><i class='material-icons'>redo</i></span>When user show pending approval</div>
                <div class="node-step">Step skipped</div>
        </li>
        <li test-id='24' class='node when skip' status='skip'>
            <div class="step-name" title="approvalBusinessCampaign.user_click_decide_approval_business_campaign_button()"><span class='status skip' title='skip'><i class='material-icons'>redo</i></span>When user click decide approval business campaign button</div>
                <div class="node-step">Step skipped</div>
        </li>
        <li test-id='25' class='node when skip' status='skip'>
            <div class="step-name" title="approvalBusinessCampaign.user_fill_supervisor_comment_approval_business_campaign()"><span class='status skip' title='skip'><i class='material-icons'>redo</i></span>When user fill supervisor comment approval business campaign</div>
                <div class="node-step">Step skipped</div>
        </li>
        <li test-id='26' class='node when skip' status='skip'>
            <div class="step-name" title="approvalBusinessCampaign.user_click_approve_approval_business_campaign()"><span class='status skip' title='skip'><i class='material-icons'>redo</i></span>When user click approve approval business campaign</div>
                <div class="node-step">Step skipped</div>
        </li>
        <li test-id='27' class='node then skip' status='skip'>
            <div class="step-name" title="approvalBusinessCampaign.user_see_decide_approval_business_campaign_result()"><span class='status skip' title='skip'><i class='material-icons'>redo</i></span>Then user see decide approval business campaign result</div>
                <div class="node-step">Step skipped</div>
        </li>
    </ul>
</div>
					</div>
				</li>
			</ul>
		</div>
	</div>
	<!-- subview left -->
	<div class='subview-right left'>
		<div class='view-summary'>
			<div id='step-filters' class="right sr-filters">
				<a class="btn-floating waves-effect waves-light green" status="pass" alt="pass" title="pass"><i class="material-icons">check_circle</i></a>
				<a class="btn-floating waves-effect waves-light red" status="fail" alt="fail" title="fail"><i class="material-icons">cancel</i></a>
				<a class="btn-floating waves-effect waves-light red darken-4" status="fatal" alt="fatal" title="fatal"><i class="material-icons">cancel</i></a>
				<a class="btn-floating waves-effect waves-light pink text-lighten-1" status="error" alt="error" title="error"><i class="material-icons">error</i></a>
				<a class="btn-floating waves-effect waves-light orange" alt="warning" status="warning" title="warning"><i class="material-icons">warning</i></a>
				<a class="btn-floating waves-effect waves-light teal" status="skip" alt="skip" title="skip"><i class="material-icons">redo</i></a>
				<a class="btn-floating waves-effect waves-light grey" status="clear" alt="Clear filters" title="Clear filters"><i class="material-icons">clear</i></a>
			</div>
			<h5 class='test-name'></h5>
		</div>
	</div>
	<!-- subview right -->
</div>
<!-- test view --><div id='category-view' class='view hide'>
	<section id='controls'>
		<div class='controls grey lighten-4'>
			<!-- search -->
			<div class='chip transparent' alt='Search Tests' title='Search Tests'>
				<a href="#" class='search-div'>
				<i class='material-icons'>search</i> Search
				</a>
				<div class='input-field left hide'>
					<input id='search-tests' type='text' class='validate browser-default' placeholder='Search Tests...'>
				</div>
			</div>
			<!-- search -->
		</div>
	</section>
	<div class='subview-left left'>
		<div class='view-summary'>
			<ul id='category-collection' class='category-collection'>
				<li class='category displayed active'>
					<div class='category-heading'>
						<span class='category-name'>@All</span>
						<span class='category-status right'>
						<span class='label fail'>3</span>
						</span>
					</div>
					<div class='category-content hide'>
						<div class='category-status-counts'>
							
							<span status="fail" class='label red lighten-1 white-text'>Failed: 3</span>
							
						</div>
						<div class='category-tests'>
							<table class='bordered table-results'>
								<thead>
									<tr>
										<th>Timestamp</th>
										<th>TestName</th>
										<th>Status</th>
									</tr>
								</thead>
								<tbody>
									<tr>
										<td>Dec 31, 2021 05:32:22 AM</td>
										<td class='linked' test-id='1'>approvalBusinessCampaign feature</td>
										<td><span class='test-status fail'>fail</span></td>
									</tr>
									<tr>
										<td>Dec 31, 2021 05:32:22 AM</td>
										<td class='linked' test-id='2'>approvalBusinessCampaign feature.Show approval marketing campaign and search account</td>
										<td><span class='test-status fail'>fail</span></td>
									</tr>
									<tr>
										<td>Dec 31, 2021 05:32:41 AM</td>
										<td class='linked' test-id='17'>approvalBusinessCampaign feature.Decide pending approval business campaign</td>
										<td><span class='test-status fail'>fail</span></td>
									</tr>
								</tbody>
							</table>
						</div>
					</div>
				</li>
				<li class='category displayed active'>
					<div class='category-heading'>
						<span class='category-name'>@TS01</span>
						<span class='category-status right'>
						<span class='label fail'>1</span>
						</span>
					</div>
					<div class='category-content hide'>
						<div class='category-status-counts'>
							
							<span status="fail" class='label red lighten-1 white-text'>Failed: 1</span>
							
						</div>
						<div class='category-tests'>
							<table class='bordered table-results'>
								<thead>
									<tr>
										<th>Timestamp</th>
										<th>TestName</th>
										<th>Status</th>
									</tr>
								</thead>
								<tbody>
									<tr>
										<td>Dec 31, 2021 05:32:22 AM</td>
										<td class='linked' test-id='2'>approvalBusinessCampaign feature.Show approval marketing campaign and search account</td>
										<td><span class='test-status fail'>fail</span></td>
									</tr>
								</tbody>
							</table>
						</div>
					</div>
				</li>
				<li class='category displayed active'>
					<div class='category-heading'>
						<span class='category-name'>@TS02</span>
						<span class='category-status right'>
						<span class='label fail'>1</span>
						</span>
					</div>
					<div class='category-content hide'>
						<div class='category-status-counts'>
							
							<span status="fail" class='label red lighten-1 white-text'>Failed: 1</span>
							
						</div>
						<div class='category-tests'>
							<table class='bordered table-results'>
								<thead>
									<tr>
										<th>Timestamp</th>
										<th>TestName</th>
										<th>Status</th>
									</tr>
								</thead>
								<tbody>
									<tr>
										<td>Dec 31, 2021 05:32:41 AM</td>
										<td class='linked' test-id='17'>approvalBusinessCampaign feature.Decide pending approval business campaign</td>
										<td><span class='test-status fail'>fail</span></td>
									</tr>
								</tbody>
							</table>
						</div>
					</div>
				</li>
			</ul>
		</div>
	</div>
	<div class='subview-right left'>
		<div class='view-summary'>
			<h5 class='category-name'></h5>
		</div>
	</div>
</div>
<!-- category view --><div id='exception-view' class='view hide'>
	<section id='controls'>
		<div class='controls grey lighten-4'>
			<!-- search -->
			<div class='chip transparent' alt='Search Tests' title='Search Tests'>
				<a href="#" class='search-div'>
				<i class='material-icons'>search</i> Search
				</a>
				<div class='input-field left hide'>
					<input id='search-tests' type='text' class='validate browser-default' placeholder='Search Tests...'>
				</div>
			</div>
			<!-- search -->
		</div>
	</section>
	<div class='subview-left left'>
		<div class='view-summary'>
			<ul id='exception-collection' class='exception-collection'>
				<li class='exception displayed active'>
					<div class='exception-heading'>
						<span class='exception-name'>org.openqa.selenium.NoSuchElementException</span>
						<span class='exception-count right'><span class='label red lighten-1 white-text'>1</span></span>
					</div>
					<div class='exception-content hide'>
						<div class='exception-tests'>
							<table class='bordered table-results'>
								<thead>
									<tr>
										<th>Timestamp</th>
										<th>TestName</th>
										<th>Status</th>
									</tr>
								</thead>
								<tbody>
									<tr>
										<td>Dec 31, 2021 05:32:39 AM</td>
										<td class='linked' test-id='6'>approvalBusinessCampaign feature.Show approval marketing campaign and search account.When user click menu approval</td>
										<td>
											<textarea disabled class="code-block">org.openqa.selenium.NoSuchElementException: Cannot locate an element using xpath=//span[contains(text(),'Approval')]
For documentation on this error, please visit: https://www.seleniumhq.org/exceptions/no_such_element.html
Build info: version: '3.141.59', revision: 'e82be7d358', time: '2018-11-14T08:17:03'
System info: host: 'DESKTOP-0QRM3M5', ip: '192.168.0.106', os.name: 'Windows 10', os.arch: 'amd64', os.version: '10.0', java.version: '1.8.0_301'
Driver info: driver.version: RemoteWebDriver
	at org.openqa.selenium.remote.RemoteWebDriver.findElement(RemoteWebDriver.java:327)
	at org.openqa.selenium.remote.RemoteWebDriver.findElementByXPath(RemoteWebDriver.java:428)
	at org.openqa.selenium.By$ByXPath.findElement(By.java:353)
	at org.openqa.selenium.remote.RemoteWebDriver.findElement(RemoteWebDriver.java:315)
	at stepsDef.approval.user_click_menu_approval(approval.java:28)
	at ✽.user click menu approval(file:src/test/java/features/approvalBusinessCampaign.feature:9)
</textarea>
										</td>
									</tr>
								</tbody>
							</table>
						</div>
					</div>
				</li>
				<li class='exception displayed active'>
					<div class='exception-heading'>
						<span class='exception-name'>org.openqa.selenium.SessionNotCreatedException</span>
						<span class='exception-count right'><span class='label red lighten-1 white-text'>1</span></span>
					</div>
					<div class='exception-content hide'>
						<div class='exception-tests'>
							<table class='bordered table-results'>
								<thead>
									<tr>
										<th>Timestamp</th>
										<th>TestName</th>
										<th>Status</th>
									</tr>
								</thead>
								<tbody>
									<tr>
										<td>Dec 31, 2021 05:32:41 AM</td>
										<td class='linked' test-id='18'>approvalBusinessCampaign feature.Decide pending approval business campaign.Given user is on homepage</td>
										<td>
											<textarea disabled class="code-block">org.openqa.selenium.SessionNotCreatedException: session not created
from disconnected: Unable to receive message from renderer
  (Session info: chrome=96.0.4664.110)
Build info: version: '3.141.59', revision: 'e82be7d358', time: '2018-11-14T08:17:03'
System info: host: 'DESKTOP-0QRM3M5', ip: '192.168.0.106', os.name: 'Windows 10', os.arch: 'amd64', os.version: '10.0', java.version: '1.8.0_301'
Driver info: driver.version: ChromeDriver
remote stacktrace: Backtrace:
	Ordinal0 [0x00EC6903+2517251]
	Ordinal0 [0x00E5F8E1+2095329]
	Ordinal0 [0x00D62848+1058888]
	Ordinal0 [0x00D54FBF+1003455]
	Ordinal0 [0x00D53F8D+999309]
	Ordinal0 [0x00D54246+1000006]
	Ordinal0 [0x00D53B35+998197]
	Ordinal0 [0x00D5A82D+1026093]
	Ordinal0 [0x00D53AF1+998129]
	Ordinal0 [0x00D549F6+1001974]
	Ordinal0 [0x00D53F8D+999309]
	Ordinal0 [0x00D54246+1000006]
	Ordinal0 [0x00D53B35+998197]
	Ordinal0 [0x00D59ABC+1022652]
	Ordinal0 [0x00D53AF1+998129]
	Ordinal0 [0x00D549F6+1001974]
	Ordinal0 [0x00D53F8D+999309]
	Ordinal0 [0x00D54246+1000006]
	Ordinal0 [0x00D53B35+998197]
	Ordinal0 [0x00D4F6ED+980717]
	Ordinal0 [0x00D53AF1+998129]
	Ordinal0 [0x00D53890+997520]
	Ordinal0 [0x00D53629+996905]
	Ordinal0 [0x00D63A60+1063520]
	Ordinal0 [0x00DABA7A+1358458]
	Ordinal0 [0x00DAA71A+1353498]
	Ordinal0 [0x00DA639B+1336219]
	Ordinal0 [0x00D827A7+1189799]
	Ordinal0 [0x00D83609+1193481]
	GetHandleVerifier [0x01055904+1577972]
	GetHandleVerifier [0x01100B97+2279047]
	GetHandleVerifier [0x00F56D09+534521]
	GetHandleVerifier [0x00F55DB9+530601]
	Ordinal0 [0x00E64FF9+2117625]
	Ordinal0 [0x00E698A8+2136232]
	Ordinal0 [0x00E699E2+2136546]
	Ordinal0 [0x00E73541+2176321]
	BaseThreadInitThunk [0x76A2FA29+25]
	RtlGetAppContainerNamedObjectPath [0x77297A9E+286]
	RtlGetAppContainerNamedObjectPath [0x77297A6E+238]

	at sun.reflect.NativeConstructorAccessorImpl.newInstance0(Native Method)
	at sun.reflect.NativeConstructorAccessorImpl.newInstance(NativeConstructorAccessorImpl.java:62)
	at sun.reflect.DelegatingConstructorAccessorImpl.newInstance(DelegatingConstructorAccessorImpl.java:45)
	at java.lang.reflect.Constructor.newInstance(Constructor.java:423)
	at org.openqa.selenium.remote.W3CHandshakeResponse.lambda$errorHandler$0(W3CHandshakeResponse.java:62)
	at org.openqa.selenium.remote.HandshakeResponse.lambda$getResponseFunction$0(HandshakeResponse.java:30)
	at org.openqa.selenium.remote.ProtocolHandshake.lambda$createSession$0(ProtocolHandshake.java:126)
	at java.util.stream.ReferencePipeline$3$1.accept(ReferencePipeline.java:193)
	at java.util.Spliterators$ArraySpliterator.tryAdvance(Spliterators.java:958)
	at java.util.stream.ReferencePipeline.forEachWithCancel(ReferencePipeline.java:126)
	at java.util.stream.AbstractPipeline.copyIntoWithCancel(AbstractPipeline.java:499)
	at java.util.stream.AbstractPipeline.copyInto(AbstractPipeline.java:486)
	at java.util.stream.AbstractPipeline.wrapAndCopyInto(AbstractPipeline.java:472)
	at java.util.stream.FindOps$FindOp.evaluateSequential(FindOps.java:152)
	at java.util.stream.AbstractPipeline.evaluate(AbstractPipeline.java:234)
	at java.util.stream.ReferencePipeline.findFirst(ReferencePipeline.java:464)
	at org.openqa.selenium.remote.ProtocolHandshake.createSession(ProtocolHandshake.java:128)
	at org.openqa.selenium.remote.ProtocolHandshake.createSession(ProtocolHandshake.java:74)
	at org.openqa.selenium.remote.HttpCommandExecutor.execute(HttpCommandExecutor.java:136)
	at org.openqa.selenium.remote.service.DriverCommandExecutor.execute(DriverCommandExecutor.java:83)
	at org.openqa.selenium.remote.RemoteWebDriver.execute(RemoteWebDriver.java:552)
	at org.openqa.selenium.remote.RemoteWebDriver.startSession(RemoteWebDriver.java:213)
	at org.openqa.selenium.remote.RemoteWebDriver.<init>(RemoteWebDriver.java:131)
	at org.openqa.selenium.chrome.ChromeDriver.<init>(ChromeDriver.java:181)
	at org.openqa.selenium.chrome.ChromeDriver.<init>(ChromeDriver.java:168)
	at org.openqa.selenium.chrome.ChromeDriver.<init>(ChromeDriver.java:157)
	at stepsDef.LoginTest.user_is_on_homepage(LoginTest.java:30)
	at ✽.user is on homepage(file:src/test/java/features/approvalBusinessCampaign.feature:23)
</textarea>
										</td>
									</tr>
								</tbody>
							</table>
						</div>
					</div>
				</li>
			</ul>
		</div>
	</div>
	<div class='subview-right left'>
		<div class='view-summary'>
			<h5 class='exception-name'></h5>
		</div>
	</div>
</div>
<!-- exception view --><div id='dashboard-view' class='view hide'>
	<div class='card-panel transparent np-v'>
		<h5>Dashboard</h5>

		<div class='row'>
			<div class='col s2'>
				<div class='card-panel r'>
					Features
					<div class='panel-lead'>1</div>
				</div>
			</div>
			<div class='col s2'>
				<div class='card-panel r'>
					Scenarios
					<div class='panel-lead'>2</div>
				</div>
			</div>
			<div class='col s2'>
				<div class='card-panel r'>
					Steps
					<div class='panel-lead'>24</div>
				</div>
			</div>
			<div class='col s2'>
				<div class='card-panel r'>
					Start
					<div class='panel-lead'>Dec 31, 2021 05:32:21 AM</div>
				</div>
			</div>
			<div class='col s2'>
				<div class='card-panel r'>
			 		End
			 		<div class='panel-lead'>Dec 31, 2021 05:32:46 AM</div>
				</div>
			</div>
			<div class='col s2'>
				<div class='card-panel r'>
					Time Taken
					<div class='panel-lead'>0h 0m 25s+369ms</div>
				</div>
			</div>
			<div class='col s6'>
				<div class='card-panel dashboard-categories'>
					<span class='right label cyan white-text'>Categories</span><p>&nbsp;</p>
					
					<table>
						<tr>
							<th>Name</th>
							<th>Passed</th>
							<th>Failed</th>
							<th>Others</th>
							<th>Passed %</th>
						</tr>
						<tr>
							<td>@All</td>
							<td>0</td>
							<td>3</td>
							<td>0</td>
							<td>
									0%
							</td>
						</tr>
						<tr>
							<td>@TS01</td>
							<td>0</td>
							<td>1</td>
							<td>0</td>
							<td>
									0%
							</td>
						</tr>
						<tr>
							<td>@TS02</td>
							<td>0</td>
							<td>1</td>
							<td>0</td>
							<td>
									0%
							</td>
						</tr>
					</table>
				</div>
			</div>
		</div>
	</div>
</div>
<!-- dashboard view -->
<!-- testrunner-logs view -->		</div>
		<!-- container -->
		<script>
			var statusGroup = {
                parentCount: 1,
				passParent: 0,
				failParent: 1,
				fatalParent: 0,
				errorParent: 0,
				warningParent: 0,
				skipParent: 0,
				exceptionsParent: 1,
				childCount: 2,
				passChild: 0,
				failChild: 2,
				fatalChild: 0,
				errorChild: 0,
				warningChild: 0,
				skipChild: 0,
				infoChild: 0,
				debugChild: 0,
				exceptionsChild: 2,
				grandChildCount: 24,
				passGrandChild: 3,
				failGrandChild: 2,
				fatalGrandChild: 0,
				errorGrandChild: 0,
				warningGrandChild: 0,
				skipGrandChild: 19,
				infoGrandChild: 0,
				debugGrandChild: 0,
				exceptionsGrandChild: 21,
			};
		</script>
		<script>
			var timeline = {
			        "approvalBusinessCampaign feature":24.383
			};
		</script>
		<script src='https://cdn.rawgit.com/extent-framework/extent-github-cdn/b65cd69/v3html/js/extent.js' type='text/javascript'></script>
		<script type='text/javascript'>
		</script>
	</body>
</html>